android/app/build/intermediates/manifest_merge_blame_file/release/manifest-merger-blame-release-report.txt
1<?xml version="1.0" encoding="utf-8"?>
2<manifest xmlns:android="http://schemas.android.com/apk/res/android"
3    package="com.tutor"
4    android:versionCode="1"
5    android:versionName="1.0" >
6
7    <uses-sdk
8        android:minSdkVersion="21"
9        android:targetSdkVersion="34" />
10
11    <uses-permission android:name="android.permission.INTERNET" />
11-->src/main/AndroidManifest.xml:3:5-67
11-->src/main/AndroidManifest.xml:3:22-64
12    <uses-permission android:name="android.permission.WRITE_EXTERNAL_STORAGE" />
12-->[:react-native-fs] AndroidManifest.xml:7:5-81
12-->[:react-native-fs] AndroidManifest.xml:7:22-78
13    <uses-permission android:name="android.permission.READ_EXTERNAL_STORAGE" />
14    <uses-permission android:name="android.permission.ACCESS_NETWORK_STATE" />
14-->[com.google.firebase:firebase-messaging:21.1.0] AndroidManifest.xml:22:5-79
14-->[com.google.firebase:firebase-messaging:21.1.0] AndroidManifest.xml:22:22-76
15    <uses-permission android:name="android.permission.WAKE_LOCK" /> <!-- Required by older versions of Google Play services to create IID tokens -->
15-->[com.google.firebase:firebase-messaging:21.1.0] AndroidManifest.xml:23:5-68
15-->[com.google.firebase:firebase-messaging:21.1.0] AndroidManifest.xml:23:22-65
16    <uses-permission android:name="com.google.android.c2dm.permission.RECEIVE" />
16-->[com.google.firebase:firebase-messaging:21.1.0] AndroidManifest.xml:25:5-82
16-->[com.google.firebase:firebase-messaging:21.1.0] AndroidManifest.xml:25:22-79
17
18    <permission
18-->[androidx.core:core:1.9.0] AndroidManifest.xml:22:5-24:47
19        android:name="com.tutor.DYNAMIC_RECEIVER_NOT_EXPORTED_PERMISSION"
19-->[androidx.core:core:1.9.0] AndroidManifest.xml:23:9-81
20        android:protectionLevel="signature" />
20-->[androidx.core:core:1.9.0] AndroidManifest.xml:24:9-44
21
22    <uses-permission android:name="com.tutor.DYNAMIC_RECEIVER_NOT_EXPORTED_PERMISSION" /> <!-- for android -->
22-->[androidx.core:core:1.9.0] AndroidManifest.xml:26:5-97
22-->[androidx.core:core:1.9.0] AndroidManifest.xml:26:22-94
23    <!-- <uses-permission android:name="com.android.launcher.permission.READ_SETTINGS"/> -->
24    <!-- <uses-permission android:name="com.android.launcher.permission.WRITE_SETTINGS"/> -->
25    <!-- <uses-permission android:name="com.android.launcher.permission.INSTALL_SHORTCUT" /> -->
26    <!-- <uses-permission android:name="com.android.launcher.permission.UNINSTALL_SHORTCUT" /> -->
27    <!-- for Samsung -->
28    <uses-permission android:name="com.sec.android.provider.badge.permission.READ" />
28-->[me.leolin:ShortcutBadger:1.1.22] AndroidManifest.xml:19:5-86
28-->[me.leolin:ShortcutBadger:1.1.22] AndroidManifest.xml:19:22-83
29    <uses-permission android:name="com.sec.android.provider.badge.permission.WRITE" /> <!-- for htc -->
29-->[me.leolin:ShortcutBadger:1.1.22] AndroidManifest.xml:20:5-87
29-->[me.leolin:ShortcutBadger:1.1.22] AndroidManifest.xml:20:22-84
30    <uses-permission android:name="com.htc.launcher.permission.READ_SETTINGS" />
30-->[me.leolin:ShortcutBadger:1.1.22] AndroidManifest.xml:23:5-81
30-->[me.leolin:ShortcutBadger:1.1.22] AndroidManifest.xml:23:22-78
31    <uses-permission android:name="com.htc.launcher.permission.UPDATE_SHORTCUT" /> <!-- for sony -->
31-->[me.leolin:ShortcutBadger:1.1.22] AndroidManifest.xml:24:5-83
31-->[me.leolin:ShortcutBadger:1.1.22] AndroidManifest.xml:24:22-80
32    <uses-permission android:name="com.sonyericsson.home.permission.BROADCAST_BADGE" />
32-->[me.leolin:ShortcutBadger:1.1.22] AndroidManifest.xml:27:5-88
32-->[me.leolin:ShortcutBadger:1.1.22] AndroidManifest.xml:27:22-85
33    <uses-permission android:name="com.sonymobile.home.permission.PROVIDER_INSERT_BADGE" /> <!-- for apex -->
33-->[me.leolin:ShortcutBadger:1.1.22] AndroidManifest.xml:28:5-92
33-->[me.leolin:ShortcutBadger:1.1.22] AndroidManifest.xml:28:22-89
34    <uses-permission android:name="com.anddoes.launcher.permission.UPDATE_COUNT" /> <!-- for solid -->
34-->[me.leolin:ShortcutBadger:1.1.22] AndroidManifest.xml:31:5-84
34-->[me.leolin:ShortcutBadger:1.1.22] AndroidManifest.xml:31:22-81
35    <uses-permission android:name="com.majeur.launcher.permission.UPDATE_BADGE" /> <!-- for huawei -->
35-->[me.leolin:ShortcutBadger:1.1.22] AndroidManifest.xml:34:5-83
35-->[me.leolin:ShortcutBadger:1.1.22] AndroidManifest.xml:34:22-80
36    <uses-permission android:name="com.huawei.android.launcher.permission.CHANGE_BADGE" />
36-->[me.leolin:ShortcutBadger:1.1.22] AndroidManifest.xml:37:5-91
36-->[me.leolin:ShortcutBadger:1.1.22] AndroidManifest.xml:37:22-88
37    <uses-permission android:name="com.huawei.android.launcher.permission.READ_SETTINGS" />
37-->[me.leolin:ShortcutBadger:1.1.22] AndroidManifest.xml:38:5-92
37-->[me.leolin:ShortcutBadger:1.1.22] AndroidManifest.xml:38:22-89
38    <uses-permission android:name="com.huawei.android.launcher.permission.WRITE_SETTINGS" /> <!-- for ZUK -->
38-->[me.leolin:ShortcutBadger:1.1.22] AndroidManifest.xml:39:5-93
38-->[me.leolin:ShortcutBadger:1.1.22] AndroidManifest.xml:39:22-90
39    <uses-permission android:name="android.permission.READ_APP_BADGE" /> <!-- for OPPO -->
39-->[me.leolin:ShortcutBadger:1.1.22] AndroidManifest.xml:42:5-73
39-->[me.leolin:ShortcutBadger:1.1.22] AndroidManifest.xml:42:22-70
40    <uses-permission android:name="com.oppo.launcher.permission.READ_SETTINGS" />
40-->[me.leolin:ShortcutBadger:1.1.22] AndroidManifest.xml:45:5-82
40-->[me.leolin:ShortcutBadger:1.1.22] AndroidManifest.xml:45:22-79
41    <uses-permission android:name="com.oppo.launcher.permission.WRITE_SETTINGS" /> <!-- for EvMe -->
41-->[me.leolin:ShortcutBadger:1.1.22] AndroidManifest.xml:46:5-83
41-->[me.leolin:ShortcutBadger:1.1.22] AndroidManifest.xml:46:22-80
42    <uses-permission android:name="me.everything.badger.permission.BADGE_COUNT_READ" />
42-->[me.leolin:ShortcutBadger:1.1.22] AndroidManifest.xml:49:5-88
42-->[me.leolin:ShortcutBadger:1.1.22] AndroidManifest.xml:49:22-85
43    <uses-permission android:name="me.everything.badger.permission.BADGE_COUNT_WRITE" />
43-->[me.leolin:ShortcutBadger:1.1.22] AndroidManifest.xml:50:5-89
43-->[me.leolin:ShortcutBadger:1.1.22] AndroidManifest.xml:50:22-86
44
45    <application
45-->src/main/AndroidManifest.xml:5:5-24:19
46        android:name="com.tutor.MainApplication"
46-->src/main/AndroidManifest.xml:6:7-38
47        android:allowBackup="false"
47-->src/main/AndroidManifest.xml:10:7-34
48        android:appComponentFactory="androidx.core.app.CoreComponentFactory"
48-->[androidx.core:core:1.9.0] AndroidManifest.xml:28:18-86
49        android:extractNativeLibs="true"
50        android:icon="@mipmap/ic_launcher"
50-->src/main/AndroidManifest.xml:8:7-41
51        android:label="@string/app_name"
51-->src/main/AndroidManifest.xml:7:7-39
52        android:roundIcon="@mipmap/ic_launcher_round"
52-->src/main/AndroidManifest.xml:9:7-52
53        android:theme="@style/AppTheme" >
53-->src/main/AndroidManifest.xml:11:7-38
54        <activity
54-->src/main/AndroidManifest.xml:12:7-23:18
55            android:name="com.tutor.MainActivity"
55-->src/main/AndroidManifest.xml:13:9-37
56            android:configChanges="keyboard|keyboardHidden|orientation|screenLayout|screenSize|smallestScreenSize|uiMode"
56-->src/main/AndroidManifest.xml:15:9-118
57            android:exported="true"
57-->src/main/AndroidManifest.xml:18:9-32
58            android:label="@string/app_name"
58-->src/main/AndroidManifest.xml:14:9-41
59            android:launchMode="singleTask"
59-->src/main/AndroidManifest.xml:16:9-40
60            android:windowSoftInputMode="adjustResize" >
60-->src/main/AndroidManifest.xml:17:9-51
61            <intent-filter>
61-->src/main/AndroidManifest.xml:19:9-22:25
62                <action android:name="android.intent.action.MAIN" />
62-->src/main/AndroidManifest.xml:20:13-65
62-->src/main/AndroidManifest.xml:20:21-62
63
64                <category android:name="android.intent.category.LAUNCHER" />
64-->src/main/AndroidManifest.xml:21:13-73
64-->src/main/AndroidManifest.xml:21:23-70
65            </intent-filter>
66        </activity>
67
68        <receiver
68-->[com.google.firebase:firebase-messaging:21.1.0] AndroidManifest.xml:28:9-35:20
69            android:name="com.google.firebase.iid.FirebaseInstanceIdReceiver"
69-->[com.google.firebase:firebase-messaging:21.1.0] AndroidManifest.xml:29:13-78
70            android:exported="true"
70-->[com.google.firebase:firebase-messaging:21.1.0] AndroidManifest.xml:30:13-36
71            android:permission="com.google.android.c2dm.permission.SEND" >
71-->[com.google.firebase:firebase-messaging:21.1.0] AndroidManifest.xml:31:13-73
72            <intent-filter>
72-->[com.google.firebase:firebase-messaging:21.1.0] AndroidManifest.xml:32:13-34:29
73                <action android:name="com.google.android.c2dm.intent.RECEIVE" />
73-->[com.google.firebase:firebase-messaging:21.1.0] AndroidManifest.xml:33:17-81
73-->[com.google.firebase:firebase-messaging:21.1.0] AndroidManifest.xml:33:25-78
74            </intent-filter>
75        </receiver>
76        <!--
77             FirebaseMessagingService performs security checks at runtime,
78             but set to not exported to explicitly avoid allowing another app to call it.
79        -->
80        <service
80-->[com.google.firebase:firebase-messaging:21.1.0] AndroidManifest.xml:41:9-48:19
81            android:name="com.google.firebase.messaging.FirebaseMessagingService"
81-->[com.google.firebase:firebase-messaging:21.1.0] AndroidManifest.xml:42:13-82
82            android:directBootAware="true"
82-->[com.google.firebase:firebase-messaging:21.1.0] AndroidManifest.xml:43:13-43
83            android:exported="false" >
83-->[com.google.firebase:firebase-messaging:21.1.0] AndroidManifest.xml:44:13-37
84            <intent-filter android:priority="-500" >
84-->[com.google.firebase:firebase-messaging:21.1.0] AndroidManifest.xml:45:13-47:29
84-->[com.google.firebase:firebase-messaging:21.1.0] AndroidManifest.xml:45:28-51
85                <action android:name="com.google.firebase.MESSAGING_EVENT" />
85-->[com.google.firebase:firebase-messaging:21.1.0] AndroidManifest.xml:46:17-78
85-->[com.google.firebase:firebase-messaging:21.1.0] AndroidManifest.xml:46:25-75
86            </intent-filter>
87        </service>
88        <service
88-->[com.google.firebase:firebase-messaging:21.1.0] AndroidManifest.xml:49:9-55:19
89            android:name="com.google.firebase.components.ComponentDiscoveryService"
89-->[com.google.firebase:firebase-messaging:21.1.0] AndroidManifest.xml:50:13-84
90            android:directBootAware="true"
90-->[com.google.firebase:firebase-common:19.5.0] AndroidManifest.xml:35:13-43
91            android:exported="false" >
91-->[com.google.firebase:firebase-messaging:21.1.0] AndroidManifest.xml:51:13-37
92            <meta-data
92-->[com.google.firebase:firebase-messaging:21.1.0] AndroidManifest.xml:52:13-54:85
93                android:name="com.google.firebase.components:com.google.firebase.messaging.FirebaseMessagingRegistrar"
93-->[com.google.firebase:firebase-messaging:21.1.0] AndroidManifest.xml:53:17-119
94                android:value="com.google.firebase.components.ComponentRegistrar" />
94-->[com.google.firebase:firebase-messaging:21.1.0] AndroidManifest.xml:54:17-82
95            <meta-data
95-->[com.google.firebase:firebase-iid:21.1.0] AndroidManifest.xml:32:13-34:85
96                android:name="com.google.firebase.components:com.google.firebase.iid.Registrar"
96-->[com.google.firebase:firebase-iid:21.1.0] AndroidManifest.xml:33:17-96
97                android:value="com.google.firebase.components.ComponentRegistrar" />
97-->[com.google.firebase:firebase-iid:21.1.0] AndroidManifest.xml:34:17-82
98            <meta-data
98-->[com.google.firebase:firebase-datatransport:17.0.10] AndroidManifest.xml:28:13-30:85
99                android:name="com.google.firebase.components:com.google.firebase.datatransport.TransportRegistrar"
99-->[com.google.firebase:firebase-datatransport:17.0.10] AndroidManifest.xml:29:17-115
100                android:value="com.google.firebase.components.ComponentRegistrar" />
100-->[com.google.firebase:firebase-datatransport:17.0.10] AndroidManifest.xml:30:17-82
101            <meta-data
101-->[com.google.firebase:firebase-installations:16.3.5] AndroidManifest.xml:18:13-20:85
102                android:name="com.google.firebase.components:com.google.firebase.installations.FirebaseInstallationsRegistrar"
102-->[com.google.firebase:firebase-installations:16.3.5] AndroidManifest.xml:19:17-127
103                android:value="com.google.firebase.components.ComponentRegistrar" />
103-->[com.google.firebase:firebase-installations:16.3.5] AndroidManifest.xml:20:17-82
104            <!--
105                This registrar is not defined in the dynamic-module-support sdk itself to allow non-firebase
106                clients to use it as well, by defining this registrar in their own core/common library.
107            -->
108            <meta-data
108-->[com.google.firebase:firebase-common:19.5.0] AndroidManifest.xml:43:13-45:85
109                android:name="com.google.firebase.components:com.google.firebase.dynamicloading.DynamicLoadingRegistrar"
109-->[com.google.firebase:firebase-common:19.5.0] AndroidManifest.xml:44:17-121
110                android:value="com.google.firebase.components.ComponentRegistrar" />
110-->[com.google.firebase:firebase-common:19.5.0] AndroidManifest.xml:45:17-82
111        </service>
112
113        <provider
113-->[com.google.firebase:firebase-common:19.5.0] AndroidManifest.xml:26:9-31:39
114            android:name="com.google.firebase.provider.FirebaseInitProvider"
114-->[com.google.firebase:firebase-common:19.5.0] AndroidManifest.xml:27:13-77
115            android:authorities="com.tutor.firebaseinitprovider"
115-->[com.google.firebase:firebase-common:19.5.0] AndroidManifest.xml:28:13-72
116            android:directBootAware="true"
116-->[com.google.firebase:firebase-common:19.5.0] AndroidManifest.xml:29:13-43
117            android:exported="false"
117-->[com.google.firebase:firebase-common:19.5.0] AndroidManifest.xml:30:13-37
118            android:initOrder="100" />
118-->[com.google.firebase:firebase-common:19.5.0] AndroidManifest.xml:31:13-36
119
120        <meta-data
120-->[com.google.android.gms:play-services-basement:17.0.0] AndroidManifest.xml:23:9-25:69
121            android:name="com.google.android.gms.version"
121-->[com.google.android.gms:play-services-basement:17.0.0] AndroidManifest.xml:24:13-58
122            android:value="@integer/google_play_services_version" />
122-->[com.google.android.gms:play-services-basement:17.0.0] AndroidManifest.xml:25:13-66
123
124        <provider
124-->[androidx.emoji2:emoji2:1.2.0] AndroidManifest.xml:24:9-32:20
125            android:name="androidx.startup.InitializationProvider"
125-->[androidx.emoji2:emoji2:1.2.0] AndroidManifest.xml:25:13-67
126            android:authorities="com.tutor.androidx-startup"
126-->[androidx.emoji2:emoji2:1.2.0] AndroidManifest.xml:26:13-68
127            android:exported="false" >
127-->[androidx.emoji2:emoji2:1.2.0] AndroidManifest.xml:27:13-37
128            <meta-data
128-->[androidx.emoji2:emoji2:1.2.0] AndroidManifest.xml:29:13-31:52
129                android:name="androidx.emoji2.text.EmojiCompatInitializer"
129-->[androidx.emoji2:emoji2:1.2.0] AndroidManifest.xml:30:17-75
130                android:value="androidx.startup" />
130-->[androidx.emoji2:emoji2:1.2.0] AndroidManifest.xml:31:17-49
131            <meta-data
131-->[androidx.lifecycle:lifecycle-process:2.4.1] AndroidManifest.xml:31:13-33:52
132                android:name="androidx.lifecycle.ProcessLifecycleInitializer"
132-->[androidx.lifecycle:lifecycle-process:2.4.1] AndroidManifest.xml:32:17-78
133                android:value="androidx.startup" />
133-->[androidx.lifecycle:lifecycle-process:2.4.1] AndroidManifest.xml:33:17-49
134        </provider>
135
136        <service
136-->[com.google.android.datatransport:transport-backend-cct:2.3.3] AndroidManifest.xml:29:9-35:19
137            android:name="com.google.android.datatransport.runtime.backends.TransportBackendDiscovery"
137-->[com.google.android.datatransport:transport-backend-cct:2.3.3] AndroidManifest.xml:30:13-103
138            android:exported="false" >
138-->[com.google.android.datatransport:transport-backend-cct:2.3.3] AndroidManifest.xml:31:13-37
139            <meta-data
139-->[com.google.android.datatransport:transport-backend-cct:2.3.3] AndroidManifest.xml:32:13-34:39
140                android:name="backend:com.google.android.datatransport.cct.CctBackendFactory"
140-->[com.google.android.datatransport:transport-backend-cct:2.3.3] AndroidManifest.xml:33:17-94
141                android:value="cct" />
141-->[com.google.android.datatransport:transport-backend-cct:2.3.3] AndroidManifest.xml:34:17-36
142        </service>
143        <service
143-->[com.google.android.datatransport:transport-runtime:2.2.5] AndroidManifest.xml:26:9-30:19
144            android:name="com.google.android.datatransport.runtime.scheduling.jobscheduling.JobInfoSchedulerService"
144-->[com.google.android.datatransport:transport-runtime:2.2.5] AndroidManifest.xml:27:13-117
145            android:exported="false"
145-->[com.google.android.datatransport:transport-runtime:2.2.5] AndroidManifest.xml:28:13-37
146            android:permission="android.permission.BIND_JOB_SERVICE" >
146-->[com.google.android.datatransport:transport-runtime:2.2.5] AndroidManifest.xml:29:13-69
147        </service>
148
149        <receiver
149-->[com.google.android.datatransport:transport-runtime:2.2.5] AndroidManifest.xml:32:9-34:40
150            android:name="com.google.android.datatransport.runtime.scheduling.jobscheduling.AlarmManagerSchedulerBroadcastReceiver"
150-->[com.google.android.datatransport:transport-runtime:2.2.5] AndroidManifest.xml:33:13-132
151            android:exported="false" />
151-->[com.google.android.datatransport:transport-runtime:2.2.5] AndroidManifest.xml:34:13-37
152
153        <meta-data
153-->[com.facebook.soloader:soloader:0.10.5] AndroidManifest.xml:12:9-14:37
154            android:name="com.facebook.soloader.enabled"
154-->[com.facebook.soloader:soloader:0.10.5] AndroidManifest.xml:13:13-57
155            android:value="false" />
155-->[com.facebook.soloader:soloader:0.10.5] AndroidManifest.xml:14:13-34
156    </application>
157
158</manifest>